[    0.000000] Initializing cgroup subsys cpuset
[    0.000000] Initializing cgroup subsys cpu
[    0.000000] Initializing cgroup subsys cpuacct
[    0.000000] Linux version 4.4.0-124-generic (buildd@lcy01-amd64-028) (gcc version 5.4.0 20160609 (Ubuntu 5.4.0-6ubuntu1~16.04.9) ) #148-Ubuntu SMP Wed May 2 13:00:18 UTC 2018 (Ubuntu 4.4.0-124.148-generic 4.4.117)
[    0.000000] Command line: BOOT_IMAGE=/boot/vmlinuz-4.4.0-124-generic root=LABEL=cloudimg-rootfs ro console=tty1 console=ttyS0
[    0.000000] KERNEL supported cpus:
[    0.000000]   Intel GenuineIntel
[    0.000000]   AMD AuthenticAMD
[    0.000000]   Centaur CentaurHauls
[    0.000000] x86/fpu: xstate_offset[2]:  576, xstate_sizes[2]:  256
[    0.000000] x86/fpu: Supporting XSAVE feature 0x01: 'x87 floating point registers'
[    0.000000] x86/fpu: Supporting XSAVE feature 0x02: 'SSE registers'
[    0.000000] x86/fpu: Supporting XSAVE feature 0x04: 'AVX registers'
[    0.000000] x86/fpu: Enabled xstate features 0x7, context size is 832 bytes, using 'standard' format.
[    0.000000] x86/fpu: Using 'lazy' FPU context switches.
[    0.000000] e820: BIOS-provided physical RAM map:
[    0.000000] BIOS-e820: [mem 0x0000000000000000-0x000000000009fbff] usable
[    0.000000] BIOS-e820: [mem 0x000000000009fc00-0x000000000009ffff] reserved
[    0.000000] BIOS-e820: [mem 0x00000000000f0000-0x00000000000fffff] reserved
[    0.000000] BIOS-e820: [mem 0x0000000000100000-0x000000003ffeffff] usable
[    0.000000] BIOS-e820: [mem 0x000000003fff0000-0x000000003fffffff] ACPI data
[    0.000000] BIOS-e820: [mem 0x00000000fec00000-0x00000000fec00fff] reserved
[    0.000000] BIOS-e820: [mem 0x00000000fee00000-0x00000000fee00fff] reserved
[    0.000000] BIOS-e820: [mem 0x00000000fffc0000-0x00000000ffffffff] reserved
[    0.000000] NX (Execute Disable) protection: active
[    0.000000] SMBIOS 2.5 present.
[    0.000000] Hypervisor detected: KVM
[    0.000000] e820: last_pfn = 0x3fff0 max_arch_pfn = 0x400000000
[    0.000000] MTRR: Disabled
[    0.000000] x86/PAT: MTRRs disabled, skipping PAT initialization too.
[    0.000000] CPU MTRRs all blank - virtualized system.
[    0.000000] x86/PAT: Configuration [0-7]: WB  WT  UC- UC  WB  WT  UC- UC  
[    0.000000] found SMP MP-table at [mem 0x0009fff0-0x0009ffff] mapped at [ffff88000009fff0]
[    0.000000] Scanning 1 areas for low memory corruption
[    0.000000] RAMDISK: [mem 0x36ad2000-0x37560fff]
[    0.000000] ACPI: Early table checksum verification disabled
[    0.000000] ACPI: RSDP 0x00000000000E0000 000024 (v02 VBOX  )
[    0.000000] ACPI: XSDT 0x000000003FFF0030 00003C (v01 VBOX   VBOXXSDT 00000001 ASL  00000061)
[    0.000000] ACPI: FACP 0x000000003FFF00F0 0000F4 (v04 VBOX   VBOXFACP 00000001 ASL  00000061)
[    0.000000] ACPI: DSDT 0x000000003FFF0470 0021FF (v02 VBOX   VBOXBIOS 00000002 INTL 20100528)
[    0.000000] ACPI: FACS 0x000000003FFF0200 000040
[    0.000000] ACPI: FACS 0x000000003FFF0200 000040
[    0.000000] ACPI: APIC 0x000000003FFF0240 00005C (v02 VBOX   VBOXAPIC 00000001 ASL  00000061)
[    0.000000] ACPI: SSDT 0x000000003FFF02A0 0001CC (v01 VBOX   VBOXCPUT 00000002 INTL 20100528)
[    0.000000] No NUMA configuration found
[    0.000000] Faking a node at [mem 0x0000000000000000-0x000000003ffeffff]
[    0.000000] NODE_DATA(0) allocated [mem 0x3ffeb000-0x3ffeffff]
[    0.000000] kvm-clock: Using msrs 4b564d01 and 4b564d00
[    0.000000] kvm-clock: cpu 0, msr 0:3ffe3001, primary cpu clock
[    0.000000] kvm-clock: using sched offset of 10848167002 cycles
[    0.000000] clocksource: kvm-clock: mask: 0xffffffffffffffff max_cycles: 0x1cd42e4dffb, max_idle_ns: 881590591483 ns
[    0.000000] Zone ranges:
[    0.000000]   DMA      [mem 0x0000000000001000-0x0000000000ffffff]
[    0.000000]   DMA32    [mem 0x0000000001000000-0x000000003ffeffff]
[    0.000000]   Normal   empty
[    0.000000]   Device   empty
[    0.000000] Movable zone start for each node
[    0.000000] Early memory node ranges
[    0.000000]   node   0: [mem 0x0000000000001000-0x000000000009efff]
[    0.000000]   node   0: [mem 0x0000000000100000-0x000000003ffeffff]
[    0.000000] Initmem setup node 0 [mem 0x0000000000001000-0x000000003ffeffff]
[    0.000000] ACPI: PM-Timer IO Port: 0x4008
[    0.000000] IOAPIC[0]: apic_id 2, version 32, address 0xfec00000, GSI 0-23
[    0.000000] ACPI: INT_SRC_OVR (bus 0 bus_irq 0 global_irq 2 dfl dfl)
[    0.000000] ACPI: INT_SRC_OVR (bus 0 bus_irq 9 global_irq 9 low level)
[    0.000000] Using ACPI (MADT) for SMP configuration information
[    0.000000] smpboot: Allowing 2 CPUs, 0 hotplug CPUs
[    0.000000] PM: Registered nosave memory: [mem 0x00000000-0x00000fff]
[    0.000000] PM: Registered nosave memory: [mem 0x0009f000-0x0009ffff]
[    0.000000] PM: Registered nosave memory: [mem 0x000a0000-0x000effff]
[    0.000000] PM: Registered nosave memory: [mem 0x000f0000-0x000fffff]
[    0.000000] e820: [mem 0x40000000-0xfebfffff] available for PCI devices
[    0.000000] Booting paravirtualized kernel on KVM
[    0.000000] clocksource: refined-jiffies: mask: 0xffffffff max_cycles: 0xffffffff, max_idle_ns: 7645519600211568 ns
[    0.000000] setup_percpu: NR_CPUS:512 nr_cpumask_bits:512 nr_cpu_ids:2 nr_node_ids:1
[    0.000000] PERCPU: Embedded 34 pages/cpu @ffff88003fc00000 s99544 r8192 d31528 u1048576
[    0.000000] PV qspinlock hash table entries: 256 (order: 0, 4096 bytes)
[    0.000000] Built 1 zonelists in Node order, mobility grouping on.  Total pages: 257912
[    0.000000] Policy zone: DMA32
[    0.000000] Kernel command line: BOOT_IMAGE=/boot/vmlinuz-4.4.0-124-generic root=LABEL=cloudimg-rootfs ro console=tty1 console=ttyS0
[    0.000000] PID hash table entries: 4096 (order: 3, 32768 bytes)
[    0.000000] Memory: 1001712K/1048120K available (8532K kernel code, 1313K rwdata, 3996K rodata, 1508K init, 1316K bss, 46408K reserved, 0K cma-reserved)
[    0.000000] SLUB: HWalign=64, Order=0-3, MinObjects=0, CPUs=2, Nodes=1
[    0.000000] Kernel/User page tables isolation: enabled
[    0.000000] Hierarchical RCU implementation.
[    0.000000] 	Build-time adjustment of leaf fanout to 64.
[    0.000000] 	RCU restricting CPUs from NR_CPUS=512 to nr_cpu_ids=2.
[    0.000000] RCU: Adjusting geometry for rcu_fanout_leaf=64, nr_cpu_ids=2
[    0.000000] NR_IRQS:33024 nr_irqs:440 16
[    0.000000] Console: colour VGA+ 80x25
[    0.000000] console [tty1] enabled
[    0.000000] console [ttyS0] enabled
[    0.000000] tsc: Detected 1799.996 MHz processor
[    2.462958] Calibrating delay loop (skipped) preset value.. 3599.99 BogoMIPS (lpj=7199984)
[    2.497178] pid_max: default: 32768 minimum: 301
[    2.515224] ACPI: Core revision 20150930
[    2.532340] ACPI: 2 ACPI AML tables successfully acquired and loaded
[    2.559617] Security Framework initialized
[    2.576233] Yama: becoming mindful.
[    2.591313] AppArmor: AppArmor initialized
[    2.608218] Dentry cache hash table entries: 131072 (order: 8, 1048576 bytes)
[    2.636245] Inode-cache hash table entries: 65536 (order: 7, 524288 bytes)
[    2.660927] Mount-cache hash table entries: 2048 (order: 2, 16384 bytes)
[    2.684441] Mountpoint-cache hash table entries: 2048 (order: 2, 16384 bytes)
[    2.709778] Initializing cgroup subsys io
[    2.726118] Initializing cgroup subsys memory
[    2.743389] Initializing cgroup subsys devices
[    2.761203] Initializing cgroup subsys freezer
[    2.779071] Initializing cgroup subsys net_cls
[    2.796686] Initializing cgroup subsys perf_event
[    2.814975] Initializing cgroup subsys net_prio
[    2.833037] Initializing cgroup subsys hugetlb
[    2.850698] Initializing cgroup subsys pids
[    2.868564] CPU: Physical Processor ID: 0
[    2.885031] CPU: Processor Core ID: 0
[    2.900917] FEATURE SPEC_CTRL Not Present
[    2.919291] mce: CPU supports 0 MCE banks
[    2.936080] Last level iTLB entries: 4KB 64, 2MB 8, 4MB 8
[    2.956229] Last level dTLB entries: 4KB 64, 2MB 0, 4MB 0, 1GB 4
[    2.978390] Spectre V2 mitigation: Mitigation: Full generic retpoline
[    3.001451] Spectre V2 mitigation: Speculation control IBPB not-supported IBRS not-supported
[    3.029589] Spectre V2 mitigation: Filling RSB on context switch
[    3.086009] Freeing SMP alternatives memory: 32K
[    3.211269] ftrace: allocating 32202 entries in 126 pages
[    3.705818] smpboot: APIC(0) Converting physical 0 to logical package 0
[    3.729808] smpboot: Max logical packages: 1
[    3.751712] x2apic enabled
[    3.769045] Switched APIC routing to physical x2apic.
[    3.808251] ..TIMER: vector=0x30 apic1=0 pin1=2 apic2=-1 pin2=-1
[    3.938269] smpboot: CPU0: Intel(R) Core(TM) i5-8250U CPU @ 1.60GHz (family: 0x6, model: 0x8e, stepping: 0xa)
[    3.980182] Performance Events: unsupported p6 CPU model 142 no PMU driver, software events only.
[    4.017478] KVM setup paravirtual spinlock
[    4.035042] x86: Booting SMP configuration:
[    4.051756] .... node  #0, CPUs:      #1
[    4.069856] kvm-clock: cpu 1, msr 0:3ffe3041, secondary cpu clock
[    4.088598] mce: CPU supports 0 MCE banks
[    4.099983] x86: Booted up 1 node, 2 CPUs
[    4.120488] smpboot: Total of 2 processors activated (7199.98 BogoMIPS)
[    4.148907] devtmpfs: initialized
[    4.165640] evm: security.selinux
[    4.180597] evm: security.SMACK64
[    4.195613] evm: security.SMACK64EXEC
[    4.213766] evm: security.SMACK64TRANSMUTE
[    4.230924] evm: security.SMACK64MMAP
[    4.246595] evm: security.ima
[    4.260613] evm: security.capability
[    4.276721] clocksource: jiffies: mask: 0xffffffff max_cycles: 0xffffffff, max_idle_ns: 7645041785100000 ns
[    4.312877] futex hash table entries: 512 (order: 3, 32768 bytes)
[    4.336522] pinctrl core: initialized pinctrl subsystem
[    4.357996] RTC time:  7:36:44, date: 05/20/18
[    4.376704] NET: Registered protocol family 16
[    4.402378] cpuidle: using governor ladder
[    4.432071] cpuidle: using governor menu
[    4.448687] PCCT header not found.
[    4.463732] ACPI: bus type PCI registered
[    4.480462] acpiphp: ACPI Hot Plug PCI Controller Driver version: 0.5
[    4.505336] PCI: Using configuration type 1 for base access
[    4.542587] ACPI: Added _OSI(Module Device)
[    4.559328] ACPI: Added _OSI(Processor Device)
[    4.577766] ACPI: Added _OSI(3.0 _SCP Extensions)
[    4.596137] ACPI: Added _OSI(Processor Aggregator Device)
[    4.621748] ACPI: Executed 1 blocks of module-level executable AML code
[    4.655245] ACPI: Interpreter enabled
[    4.670820] ACPI: (supports S0 S5)
[    4.685832] ACPI: Using IOAPIC for interrupt routing
[    4.705791] PCI: Using host bridge windows from ACPI; if necessary, use "pci=nocrs" and report a bug
[    4.759976] ACPI: PCI Root Bridge [PCI0] (domain 0000 [bus 00-ff])
[    4.782824] acpi PNP0A03:00: _OSC: OS supports [ASPM ClockPM Segments MSI]
[    4.807560] acpi PNP0A03:00: _OSC: not requesting OS control; OS requires [ExtendedConfig ASPM ClockPM MSI]
[    4.844046] acpi PNP0A03:00: fail to add MMCONFIG information, can't access extended PCI configuration space under this bridge.
[    4.888838] PCI host bridge to bus 0000:00
[    4.905799] pci_bus 0000:00: root bus resource [io  0x0000-0x0cf7 window]
[    4.929959] pci_bus 0000:00: root bus resource [io  0x0d00-0xffff window]
[    4.954920] pci_bus 0000:00: root bus resource [mem 0x000a0000-0x000bffff window]
[    4.985181] pci_bus 0000:00: root bus resource [mem 0x40000000-0xfdffffff window]
[    5.015284] pci_bus 0000:00: root bus resource [bus 00-ff]
[    5.072435] pci 0000:00:01.1: legacy IDE quirk: reg 0x10: [io  0x01f0-0x01f7]
[    5.097735] pci 0000:00:01.1: legacy IDE quirk: reg 0x14: [io  0x03f6]
[    5.296879] pci 0000:00:01.1: legacy IDE quirk: reg 0x18: [io  0x0170-0x0177]
[    5.322230] pci 0000:00:01.1: legacy IDE quirk: reg 0x1c: [io  0x0376]
[    5.461694] pci 0000:00:07.0: quirk: [io  0x4000-0x403f] claimed by PIIX4 ACPI
[    5.491239] pci 0000:00:07.0: quirk: [io  0x4100-0x410f] claimed by PIIX4 SMB
[    5.557382] ACPI: PCI Interrupt Link [LNKA] (IRQs 5 9 10 *11)
[    5.591493] ACPI: PCI Interrupt Link [LNKB] (IRQs 5 9 *10 11)
[    5.625000] ACPI: PCI Interrupt Link [LNKC] (IRQs 5 *9 10 11)
[    5.658388] ACPI: PCI Interrupt Link [LNKD] (IRQs 5 9 10 *11)
[    5.692320] ACPI: Enabled 2 GPEs in block 00 to 07
[    5.717511] vgaarb: setting as boot device: PCI:0000:00:02.0
[    5.738951] vgaarb: device added: PCI:0000:00:02.0,decodes=io+mem,owns=io+mem,locks=none
[    5.770714] vgaarb: loaded
[    5.783787] vgaarb: bridge control possible 0000:00:02.0
[    5.804833] SCSI subsystem initialized
[    5.821586] ACPI: bus type USB registered
[    5.838490] usbcore: registered new interface driver usbfs
[    5.859459] usbcore: registered new interface driver hub
[    5.879998] usbcore: registered new device driver usb
[    5.903752] PCI: Using ACPI for IRQ routing
[    5.925102] NetLabel: Initializing
[    5.939977] NetLabel:  domain hash size = 128
[    5.957390] NetLabel:  protocols = UNLABELED CIPSOv4
[    5.977026] NetLabel:  unlabeled traffic allowed by default
[    5.998708] amd_nb: Cannot enumerate AMD northbridges
[    6.018347] clocksource: Switched to clocksource kvm-clock
[    6.052019] AppArmor: AppArmor Filesystem Enabled
[    6.070233] pnp: PnP ACPI init
[    6.090827] pnp: PnP ACPI: found 3 devices
[    6.150326] clocksource: acpi_pm: mask: 0xffffff max_cycles: 0xffffff, max_idle_ns: 2085701024 ns
[    6.183251] NET: Registered protocol family 2
[    6.200997] TCP established hash table entries: 8192 (order: 4, 65536 bytes)
[    6.225310] TCP bind hash table entries: 8192 (order: 5, 131072 bytes)
[    6.248494] TCP: Hash tables configured (established 8192 bind 8192)
[    6.271136] UDP hash table entries: 512 (order: 2, 16384 bytes)
[    6.293882] UDP-Lite hash table entries: 512 (order: 2, 16384 bytes)
[    6.317439] NET: Registered protocol family 1
[    6.334745] pci 0000:00:00.0: Limiting direct PCI/PCI transfers
[    6.356740] pci 0000:00:01.0: Activating ISA DMA hang workarounds
[    6.380532] Unpacking initramfs...
[    8.127358] Freeing initrd memory: 10812K
[    8.144272] platform rtc_cmos: registered platform RTC device (no PNP device found)
[    8.174014] Scanning for low memory corruption every 60 seconds
[    8.197465] audit: initializing netlink subsys (disabled)
[    8.217939] audit: type=2000 audit(1526801815.086:1): initialized
[    8.240594] Initialise system trusted keyring
[    8.258999] HugeTLB registered 2 MB page size, pre-allocated 0 pages
[    8.283689] zbud: loaded
[    8.296748] VFS: Disk quotas dquot_6.6.0
[    8.312722] VFS: Dquot-cache hash table entries: 512 (order 0, 4096 bytes)
[    8.336943] squashfs: version 4.0 (2009/01/31) Phillip Lougher
[    8.359334] fuse init (API version 7.23)
[    8.375878] Key type big_key registered
[    8.391720] Allocating IMA MOK and blacklist keyrings.
[    8.427189] Key type asymmetric registered
[    8.444901] Asymmetric key parser 'x509' registered
[    8.463581] Block layer SCSI generic (bsg) driver version 0.4 loaded (major 249)
[    8.493873] io scheduler noop registered
[    8.509843] io scheduler deadline registered (default)
[    8.528964] io scheduler cfq registered
[    8.545119] pci_hotplug: PCI Hot Plug PCI Core version: 0.5
[    8.565541] pciehp: PCI Express Hot Plug Controller Driver version: 0.4
[    8.589518] ACPI: AC Adapter [AC] (on-line)
[    8.606234] input: Power Button as /devices/LNXSYSTM:00/LNXPWRBN:00/input/input0
[    8.635180] ACPI: Power Button [PWRF]
[    8.651013] input: Sleep Button as /devices/LNXSYSTM:00/LNXSLPBN:00/input/input1
[    8.679849] ACPI: Sleep Button [SLPF]
[    8.696556] GHES: HEST is not enabled!
[    8.702345] ACPI: Battery Slot [BAT0] (battery present)
[    8.732609] Serial: 8250/16550 driver, 32 ports, IRQ sharing enabled
[    8.827232] 00:02: ttyS0 at I/O 0x3f8 (irq = 4, base_baud = 115200) is a 16550A
[    8.875474] Linux agpgart interface v0.103
[    8.901262] loop: module loaded
[    8.919551] scsi host0: ata_piix
[    8.934614] scsi host1: ata_piix
[    8.948718] ata1: PATA max UDMA/33 cmd 0x1f0 ctl 0x3f6 bmdma 0xd000 irq 14
[    8.972512] ata2: PATA max UDMA/33 cmd 0x170 ctl 0x376 bmdma 0xd008 irq 15
[    8.996583] libphy: Fixed MDIO Bus: probed
[    9.013251] tun: Universal TUN/TAP device driver, 1.6
[    9.038458] tun: (C) 1999-2004 Max Krasnyansky <maxk@qualcomm.com>
[    9.061068] PPP generic driver version 2.4.2
[    9.078741] ehci_hcd: USB 2.0 'Enhanced' Host Controller (EHCI) Driver
[    9.101642] ehci-pci: EHCI PCI platform driver
[    9.119012] ehci-platform: EHCI generic platform driver
[    9.138400] ohci_hcd: USB 1.1 'Open' Host Controller (OHCI) Driver
[    9.161458] ohci-pci: OHCI PCI platform driver
[    9.178780] ohci-platform: OHCI generic platform driver
[    9.198214] uhci_hcd: USB Universal Host Controller Interface driver
[    9.221060] i8042: PNP: PS/2 Controller [PNP0303:PS2K,PNP0f03:PS2M] at 0x60,0x64 irq 1,12
[    9.257973] serio: i8042 KBD port at 0x60,0x64 irq 1
[    9.276899] serio: i8042 AUX port at 0x60,0x64 irq 12
[    9.296177] mousedev: PS/2 mouse device common for all mice
[    9.321580] rtc_cmos rtc_cmos: rtc core: registered rtc_cmos as rtc0
[    9.345414] input: AT Translated Set 2 keyboard as /devices/platform/i8042/serio0/input/input2
[    9.377875] rtc_cmos rtc_cmos: alarms up to one day, 114 bytes nvram
[    9.377885] i2c /dev entries driver
[    9.377938] device-mapper: uevent: version 1.0.3
[    9.378549] device-mapper: ioctl: 4.34.0-ioctl (2015-10-28) initialised: dm-devel@redhat.com
[    9.378564] ledtrig-cpu: registered to indicate activity on CPUs
[    9.379069] NET: Registered protocol family 10
[    9.379313] NET: Registered protocol family 17
[    9.379322] Key type dns_resolver registered
[    9.379870] registered taskstats version 1
[    9.379886] Loading compiled-in X.509 certificates
[    9.380505] Loaded X.509 cert 'Build time autogenerated kernel key: 97a7db5071cab428e7f67f96f51ed8d32b3fc527'
[    9.380519] zswap: loaded using pool lzo/zbud
[    9.382868] Key type trusted registered
[    9.386398] Key type encrypted registered
[    9.386402] AppArmor: AppArmor sha1 policy hashing enabled
[    9.386405] ima: No TPM chip found, activating TPM-bypass!
[    9.386424] evm: HMAC attrs: 0x1
[    9.389841]   Magic number: 2:817:622
[    9.404405] rtc_cmos rtc_cmos: setting system clock to 2018-05-20 07:36:49 UTC (1526801809)
[    9.404465] BIOS EDD facility v0.16 2004-Jun-25, 0 devices found
[    9.404465] EDD information not available.
[    9.818166] Freeing unused kernel memory: 1508K
[    9.835709] Write protecting the kernel read-only data: 14336k
[    9.860163] Freeing unused kernel memory: 1696K
[    9.878783] Freeing unused kernel memory: 100K
Loading, please wait...
starting version[    9.927439] random: udevadm: uninitialized urandom read (16 bytes read, 5 bits of entropy available)
 229
[    9.951195] random: systemd-udevd: uninitialized urandom read (16 bytes read, 5 bits of entropy available)
[    9.951255] random: systemd-udevd: uninitialized urandom read (16 bytes read, 5 bits of entropy available)
[    9.951265] random: systemd-udevd: uninitialized urandom read (16 bytes read, 5 bits of entropy available)
[    9.951275] random: systemd-udevd: uninitialized urandom read (16 bytes read, 5 bits of entropy available)
[   10.106014] random: udevadm: uninitialized urandom read (16 bytes read, 5 bits of entropy available)
[   10.145984] random: systemd-udevd: uninitialized urandom read (16 bytes read, 5 bits of entropy available)
[   10.148684] random: udevadm: uninitialized urandom read (16 bytes read, 5 bits of entropy available)
[   10.148721] random: udevadm: uninitialized urandom read (16 bytes read, 5 bits of entropy available)
[   10.148827] random: udevadm: uninitialized urandom read (16 bytes read, 5 bits of entropy available)
[   10.327911] e1000: Intel(R) PRO/1000 Network Driver - version 7.3.21-k8-NAPI
[   10.352942] e1000: Copyright (c) 1999-2006 Intel Corporation.
[   10.383620] Fusion MPT base driver 3.04.20
[   10.400956] Copyright (c) 1999-2008 LSI Corporation
[   10.468083] Fusion MPT SPI Host driver 3.04.20
[   10.495737] AVX2 version of gcm_enc/dec engaged.
[   10.514816] AES CTR mode by8 optimization enabled
[   10.692259] input: ImExPS/2 Generic Explorer Mouse as /devices/platform/i8042/serio1/input/input4
[   12.054813] e1000 0000:00:03.0 eth0: (PCI:33MHz:32-bit) 02:a3:be:24:b1:4f
[   12.078955] e1000 0000:00:03.0 eth0: Intel(R) PRO/1000 Network Connection
[   12.111023] mptbase: ioc0: Initiating bringup
[   12.111280] e1000 0000:00:03.0 enp0s3: renamed from eth0
[   12.486588] ioc0: LSI53C1030 A0: Capabilities={Initiator}
[   13.382007] scsi host2: ioc0: LSI53C1030 A0, FwRev=00000000h, Ports=1, MaxQ=256, IRQ=20
[   13.760013] scsi 2:0:0:0: Direct-Access     VBOX     HARDDISK         1.0  PQ: 0 ANSI: 5
[   13.791684] scsi target2:0:0: Beginning Domain Validation
[   13.821314] scsi target2:0:0: Domain Validation skipping write tests
[   13.844426] scsi target2:0:0: Ending Domain Validation
[   13.864043] scsi target2:0:0: asynchronous
[   13.883248] scsi 2:0:1:0: Direct-Access     VBOX     HARDDISK         1.0  PQ: 0 ANSI: 5
[   13.914071] scsi target2:0:1: Beginning Domain Validation
[   13.942318] scsi target2:0:1: Domain Validation skipping write tests
[   13.964845] scsi target2:0:1: Ending Domain Validation
[   13.984651] scsi target2:0:1: asynchronous
[   14.039341] sd 2:0:0:0: Attached scsi generic sg0 type 0
[   14.230317] sd 2:0:1:0: Attached scsi generic sg1 type 0
[   14.251228] sd 2:0:0:0: [sda] 20971520 512-byte logical blocks: (10.7 GB/10.0 GiB)
[   14.281116] sd 2:0:1:0: [sdb] 20480 512-byte logical blocks: (10.5 MB/10.0 MiB)
[   14.312784] sd 2:0:0:0: [sda] Write Protect is off
[   14.331363] sd 2:0:1:0: [sdb] Write Protect is off
[   14.351619] sd 2:0:0:0: [sda] Incomplete mode parameter data
[   14.354703] sd 2:0:1:0: [sdb] Incomplete mode parameter data
[   14.354704] sd 2:0:1:0: [sdb] Assuming drive cache: write through
[   14.364801] sd 2:0:1:0: [sdb] Attached SCSI disk
[   14.434824] sd 2:0:0:0: [sda] Assuming drive cache: write through
[   14.466615]  sda: sda1
[   14.483731] sd 2:0:0:0: [sda] Attached SCSI disk
Begin: Loading essential drivers ... [   20.427743] md: linear personality registered for level -1
[   20.453510] md: multipath personality registered for level -4
[   20.480742] md: raid0 personality registered for level 0
[   20.507265] md: raid1 personality registered for level 1
[   20.602560] raid6: sse2x1   gen() 10335 MB/s
[   20.686693] raid6: sse2x1   xor()  7703 MB/s
[   20.771073] raid6: sse2x2   gen() 12805 MB/s
[   20.854658] raid6: sse2x2   xor()  8776 MB/s
[   20.938915] raid6: sse2x4   gen() 14289 MB/s
[   21.022579] raid6: sse2x4   xor()  9974 MB/s
[   21.106797] raid6: avx2x1   gen() 20074 MB/s
[   21.191089] raid6: avx2x2   gen() 22267 MB/s
[   21.274679] raid6: avx2x4   gen() 24967 MB/s
[   21.291909] raid6: using algorithm avx2x4 gen() 24967 MB/s
[   21.312630] raid6: using avx2x2 recovery algorithm
[   21.334936] xor: automatically using best checksumming function:
[   21.394845]    avx       : 16230.000 MB/sec
[   21.415040] async_tx: api initialized (async)
[   21.450405] md: raid6 personality registered for level 6
[   21.470669] md: raid5 personality registered for level 5
[   21.491038] md: raid4 personality registered for level 4
[   21.522479] md: raid10 personality registered for level 10
done.
Begin: Running /scripts/init-premount ... done.
Begin: Mounting root file system ... Begin: Running /scripts/local-top ... done.
Begin: Running /scripts/local-premount ... [   21.643472] Btrfs loaded
Scanning for Btrfs filesystems
done.
Warning: fsck not present, so skipping root file system
[   21.759020] EXT4-fs (sda1): INFO: recovery required on readonly filesystem
[   21.783171] EXT4-fs (sda1): write access will be enabled during recovery
[   21.926919] EXT4-fs (sda1): recovery complete
[   21.945537] EXT4-fs (sda1): mounted filesystem with ordered data mode. Opts: (null)
done.
Begin: Running /scripts/local-bottom ... done.
Begin: Running /scripts/init-bottom ... done.
[   22.524880] random: nonblocking pool is initialized
[   22.793072] systemd[1]: systemd 229 running in system mode. (+PAM +AUDIT +SELINUX +IMA +APPARMOR +SMACK +SYSVINIT +UTMP +LIBCRYPTSETUP +GCRYPT +GNUTLS +ACL +XZ -LZ4 +SECCOMP +BLKID +ELFUTILS +KMOD -IDN)
[   22.855340] systemd[1]: Detected virtualization oracle.
[   22.875347] systemd[1]: Detected architecture x86-64.

Welcome to [1mUbuntu 16.04.4 LTS[0m!

[   22.964607] systemd[1]: Set hostname to <ubuntu-xenial>.
[   23.837425] systemd[1]: Reached target System Time Synchronized.
[[0;32m  OK  [0m] Reached target System Time Synchronized.
[   23.878150] systemd[1]: Listening on LVM2 poll daemon socket.
[[0;32m  OK  [0m] Listening on LVM2 poll daemon socket.
[   23.916476] systemd[1]: Listening on Journal Audit Socket.
[[0;32m  OK  [0m] Listening on Journal Audit Socket.
[   23.953997] systemd[1]: Set up automount Arbitrary Executable File Formats File System Automount Point.
[[0;32m  OK  [0m] Set up automount Arbitrary Executab...ats File System Automount Point.
[   24.011564] systemd[1]: Created slice System Slice.
[[0;32m  OK  [0m] Created slice System Slice.
[   24.046315] systemd[1]: Created slice system-serial\x2dgetty.slice.
[[0;32m  OK  [0m] Created slice system-serial\x2dgetty.slice.
[   24.086994] systemd[1]: Started Trigger resolvconf update for networkd DNS.
[[0;32m  OK  [0m] Started Trigger resolvconf update for networkd DNS.
[   24.133686] systemd[1]: Listening on LVM2 metadata daemon socket.
[[0;32m  OK  [0m] Listening on LVM2 metadata daemon socket.
[   24.173630] systemd[1]: Listening on udev Kernel Socket.
[[0;32m  OK  [0m] Listening on udev Kernel Socket.
[   24.210235] systemd[1]: Reached target User and Group Name Lookups.
[[0;32m  OK  [0m] Reached target User and Group Name Lookups.
[   24.251605] systemd[1]: Started Forward Password Requests to Wall Directory Watch.
[[0;32m  OK  [0m] Started Forward Password Requests to Wall Directory Watch.
[   24.302597] systemd[1]: Listening on Journal Socket (/dev/log).
[[0;32m  OK  [0m] Listening on Journal Socket (/dev/log).
[   24.342571] systemd[1]: Created slice User and Session Slice.
[[0;32m  OK  [0m] Created slice User and Session Slice.
[   24.380922] systemd[1]: Reached target Slices.
[[0;32m  OK  [0m] Reached target Slices.
[   24.413303] systemd[1]: Listening on Syslog Socket.
[[0;32m  OK  [0m] Listening on Syslog Socket.
[   24.447687] systemd[1]: Reached target Encrypted Volumes.
[[0;32m  OK  [0m] Reached target Encrypted Volumes.
[   24.484524] systemd[1]: Listening on Journal Socket.
[[0;32m  OK  [0m] Listening on Journal Socket.
[   24.530824] systemd[1]: Mounting POSIX Message Queue File System...
         Mounting POSIX Message Queue File System...
[   24.571477] systemd[1]: Starting Uncomplicated firewall...
         Starting Uncomplicated firewall...
[   24.623208] systemd[1]: Mounting Debug File System...
         Mounting Debug File System...
[   24.658172] systemd[1]: Starting Remount Root and Kernel File Systems...
         Starting Remount Root and Kernel File Systems...
[   24.734780] systemd[1]: Starting Create list of required static device nodes for the current kernel...
         Starting Create list of required st... nodes for the current kernel...
[   24.792184] systemd[1]: Starting Nameserver information manager...
         Starting Nameserver information manager...
[   24.831735] systemd[1]: Listening on udev Control Socket.
[[0;32m  OK  [0m] Listening on udev Control Socket.
[   24.869337] systemd[1]: Listening on /dev/initctl Compatibility Named Pipe.
[[0;32m  OK  [0m] Listening on /dev/initctl Compatibility Named Pipe.
[   24.916729] EXT4-fs (sda1): re-mounted. Opts: (null)
[   24.943175] systemd[1]: Mounting Huge Pages File System...
         Mounting Huge Pages File System...
[   24.981546] systemd[1]: Starting Set console keymap...
         Starting Set console keymap...
[   25.022080] systemd[1]: Starting Load Kernel Modules...
         Starting Load Kernel Modules...
[   25.058288] systemd[1]: Starting Journal Service...
         Starting Journal Service...
[   25.091729] systemd[1]: Listening on Device-mapper event daemon FIFOs.
[[0;32m  OK  [0m] Listening on Device-mapper event daemon FIFOs.
[   25.138109] systemd[1]: Starting Monitoring of LVM2 mirrors, snapshots etc. using dmeventd or progress polling...
         Starting Monitoring of LVM2 mirrors... dmeventd or progress polling...
[   25.197515] systemd[1]: Reached target Swap.
[[0;32m  OK  [0m] Reached target Swap.
[   25.230820] systemd[1]: Mounted Huge Pages File System.
[[0;32m  OK  [0m] Mounted Huge Pages File System.
[   25.272711] systemd[1]: Mounted POSIX Message Queue File System.
[   25.277762] Loading iSCSI transport class v2.0-870.
[[0;32m  OK  [0m] Mounted POSIX Message Queue File System.
[   25.354720] systemd[1]: Mounted Debug File System.
[   25.379767] iscsi: registered transport (tcp)
[[0;32m  OK  [0m] Mounted Debug File System.
[   25.413268] systemd[1]: Started Journal Service.
[[0;32m  OK  [0m] Started Journal Service.
[[0;32m  OK  [0m] Started Uncomplicated firewall.
[[0;32m  OK  [0m] Started Remount Root and Kernel File Systems.
[[0;32m  OK  [0m] Started Create list of required sta...ce nodes for the current kernel.[   25.546066] iscsi: registered transport (iser)

[[0;32m  OK  [0m] Started Set console keymap.
[[0;32m  OK  [0m] Started Load Kernel Modules.
[[0;32m  OK  [0m] Started Nameserver information manager.
[[0;32m  OK  [0m] Started LVM2 metadata daemon.
         Starting Apply Kernel Variables...
         Mounting FUSE Control File System...
         Starting Create Static Device Nodes in /dev...
         Starting Load/Save Random Seed...
         Starting udev Coldplug all Devices...
         Starting Flush Journal to Persistent Storage...
[[0;32m  OK  [0m] Mounted FUSE Control File System.
[[0;32m  OK  [0m] Started Apply Kernel Variables.
[[0;32m  OK  [0m] Started Create Static Device Nodes in /dev.
[[0;32m  OK  [0m] Started Load/Save Random Seed.
         Starting udev Kernel Device Manager...
[[0;32m  OK  [0m] Started udev Coldplug all Devices.
[[0;32m  OK  [0m] Started Flush Journal to Persistent Storage.
[[0;32m  OK  [0m] Started udev Kernel Device Manager.
[[0;32m  OK  [0m] Started Dispatch Password Requests to Console Directory Watch.
[[0;32m  OK  [0m] Started Monitoring of LVM2 mirrors,...ng dmeventd or progress polling.
[[0;32m  OK  [0m] Reached target Local File Systems (Pre).
[[0;32m  OK  [0m] Reached target Local File Systems.
         Starting Initial cloud-init job (pre-networking)...
         Starting Create Volatile Files and Directories...
         Starting Tell Plymouth To Write Out Runtime Data...
         Starting LSB: AppArmor initialization...
         Starting Set console font and keymap...
[[0;32m  OK  [0m] Started Tell Plymouth To Write Out Runtime Data.
[[0;32m  OK  [0m] Started Create Volatile Files and Directories.
[[0;32m  OK  [0m] Found device /dev/ttyS0.
[[0;32m  OK  [0m] [   24.822668] cloud-init[500]: Cloud-init v. 18.2 running 'init-local' at Sun, 20 May 2018 07:37:09 +0000. Up 24.31 seconds.
Started LSB: AppArmor initialization.
[[0;32m  OK  [0m] Started Initial cloud-init job (pre-networking).
[[0;32m  OK  [0m] Listening on Load/Save RF Kill Switch Status /dev/rfkill Watch.
[[0;32m  OK  [0m] Reached target Network (Pre).
         Starting Raise network interfaces...
[[0;32m  OK  [0m] Started ifup for enp0s3.
         Starting Update UTMP about System Boot/Shutdown...
[[0;32m  OK  [0m] Started Set console font and keymap.
[[0;32m  OK  [0m] Created slice system-getty.slice.
[[0;32m  OK  [0m] Started Update UTMP about System Boot/Shutdown.
[[0;32m  OK  [0m] Started Raise network interfaces.
         Starting Initial cloud-init job (metadata service crawler)...
[[0;32m  OK  [0m] Reached target Network.
[   37.255242] cloud-init[966]: Cloud-init v. 18.2 running 'init' at Sun, 20 May 2018 07:37:21 +0000. Up 36.71 seconds.
[   37.284976] cloud-init[966]: ci-info: +++++++++++++++++++++++++++++++++++++Net device info++++++++++++++++++++++++++++++++++++++
[[0;32m  OK  [0m] Started Initial cloud-init job (metadata service crawler).
[   37.316006] cloud-init[966]: ci-info: +--------+------+----------------------------+---------------+-------+-------------------+
[[0;32m  OK  [0m] Reached target Cloud-config availability.
[[0;32m  OK  [0m[   37.370710] cloud-init[966]: ci-info: | Device |  Up  |          Address           |      Mask     | Scope |     Hw-Address    |
[   37.404671] cloud-init[966]: ci-info: +--------+------+----------------------------+---------------+-------+-------------------+
[   37.404710] cloud-init[966]: ci-info: | enp0s3 | True |         10.0.2.15          | 255.255.255.0 |   .   | 02:a3:be:24:b1:4f |
[   37.407524] cloud-init[966]: ci-info: | enp0s3 | True | fe80::a3:beff:fe24:b14f/64 |       .       |  link | 02:a3:be:24:b1:4f |
[   37.411050] cloud-init[966]: ci-info: |   lo   | True |         127.0.0.1          |   255.0.0.0   |   .   |         .         |
[   37.411087] cloud-init[966]: ci-info: |   lo   | True |          ::1/128           |       .       |  host |         .         |
[   37.411116] cloud-init[966]: ci-info: +--------+------+----------------------------+---------------+-------+-------------------+
[   37.411152] cloud-init[966]: ci-info: +++++++++++++++++++++++++++Route IPv4 info++++++++++++++++++++++++++++
] Reached target System Initialization.
[[0;32m  OK  [0m] Listening on ACPID Listen Socket.
[   37.411181] cloud-init[966]: ci-info: +-------+-------------+----------+---------------+-----------+-------+
[   37.646102] cloud-init[966]: ci-info: | Route | Destination | Gateway  |    Genmask    | Interface | Flags |
[   37.673871] cloud-init[966]: ci-info: +-------+-------------+----------+---------------+-----------+-------+
[   37.701646] cloud-init[966]: ci-info: |   0   |   0.0.0.0   | 10.0.2.2 |    0.0.0.0    |   enp0s3  |   UG  |
[[   37.728409] cloud-init[966]: ci-info: |   1   |   10.0.2.0  | 0.0.0.0  | 255.255.255.0 |   enp0s3  |   U   |
[   37.730543] cloud-init[966]: ci-info: +-------+-------------+----------+---------------+-----------+-------+
[0;32m  OK  [0m] Started ACPI Events Check.
[[0;32m  OK  [0m] Reached target Paths.
[[0;32m  OK  [0m] Listening on D-Bus System Message Bus Socket.
[[0;32m  OK  [0m] Started Daily apt download activities.
         Starting Socket activation for snappy daemon.
         Starting LXD - unix socket.
[[0;32m  OK  [0m] Started Daily Cleanup of Temporary Directories.
[[0;32m  OK  [0m] Started Daily apt upgrade and clean activities.
[[0;32m  OK  [0m] Reached target Timers.
[[0;32m  OK  [0m] Listening on UUID daemon activation socket.
[[0;32m  OK  [0m] Reached target Network is Online.
         Starting iSCSI initiator daemon (iscsid)...
[[0;32m  OK  [0m] Listening on Socket activation for snappy daemon.
[[0;32m  OK  [0m] Listening on LXD - unix socket.
[[0;32m  OK  [0m] Reached target Sockets.
[[0;32m  OK  [0m] Reached target Basic System.
[[0;32m  OK  [0m] Started ACPI event daemon.
[[0;32m  OK  [0m] Started Unattended Upgrades Shutdown.
         Starting LXD - container startup/shutdown...
         Starting Login Service...
[[0;32m  OK  [0m] Started Deferred execution scheduler.
         Starting System Logging Service...
         Starting Accounts Service...
[[0;32m  OK  [0m] Started FUSE filesystem for LXC.
         Starting Apply the settings specified in cloud-config...
         Starting Virtualbox guest utils...
         Starting LSB: Record successful boot for GRUB...
         Starting /etc/rc.local Compatibility...
[[0;32m  OK  [0m] Started D-Bus System Message Bus.
         Starting LSB: MD monitoring daemon...
[[0;32m  OK  [0m[   39.087171] cloud-init[1036]: Cloud-init v. 18.2 running 'modules:config' at Sun, 20 May 2018 07:37:23 +0000. Up 38.84 seconds.
] Started Regular background program processing daemon.
         Starting OpenBSD Secure Shell server...
         Starting Snappy daemon...
[[0;32m  OK  [0m] Started System Logging Service.
[[0;32m  OK  [0m] Started iSCSI initiator daemon (iscsid).
[[0;32m  OK  [0m] Started Apply the settings specified in cloud-config.
[[0;32m  OK  [0m] Started /etc/rc.local Compatibility.
[[0;32m  OK  [0m] Started OpenBSD Secure Shell server.
[[0;32m  OK  [0m] Started LSB: Record successful boot for GRUB.
[[0;32m  OK  [0m] Started Login Service.
[[0;32m  OK  [0m] Started LXD - container startup/shutdown.
         Starting Authenticate and Authorize Users to Run Privileged Tasks...
         Starting Login to default iSCSI targets...
[[0;32m  OK  [0m] Started LSB: MD monitoring daemon.
[[0;32m  OK  [0m] Started Virtualbox guest utils.
[[0;32m  OK  [0m] Started Authenticate and Authorize Users to Run Privileged Tasks.
[[0;32m  OK  [0m] Started Accounts Service.
[[0;32m  OK  [0m] Started Login to default iSCSI targets.
[[0;32m  OK  [0m] Reached target Remote File Systems (Pre).
[[0;32m  OK  [0m] Reached target Remote File Systems.
         Starting LSB: automatic crash report generation...
         Starting LSB: Set the CPU Frequency Scaling governor to "ondemand"...
         Starting Permit User Sessions...
         Starting LSB: daemon to balance interrupts for SMP systems...
[[0;32m  OK  [0m] Started Permit User Sessions.
         Starting Hold until boot process finishes up...
         Starting Terminate Plymouth Boot Screen...
[[0;32m  OK  [0m] Started LSB: Set the CPU Frequency Scaling governor to "ondemand".
[[0;32m  OK  [0m] Started Hold until boot process finishes up.
[[0;32m  OK  [0m] Started Terminate Plymouth Boot Screen.
[[0;32m  OK  [0m] Started Serial Getty on ttyS0.
[[0;32m  OK  [0m] Started Getty on tty1.
[[0;32m  OK  [0m] Reached target Login Prompts.
         Starting Set console scheme...
[[0;32m  OK  [0m] Started Snappy daemon.
[[0;32m  OK  [0m] Started LSB: automatic crash report generation.
[[0;32m  OK  [0m] Started LSB: daemon to balance interrupts for SMP systems.
[[0;32m  OK  [0m] Started Set console scheme.
[[0;32m  OK  [0m] Reached target Multi-User System.
[[0;32m  OK  [0m] Reached target Graphical Interface.
         Starting Update UTMP about System Runlevel Changes...
         Starting Execute cloud user/final scripts...
[[0;32m  OK  [0m] Started Update UTMP about System Runlevel Changes.
[[0;32m  OK  [0m] Created slice User Slice of vagrant.
         Starting User Manager for UID 1000...
[[0;32m  OK  [0m] Started Session 1 of user vagrant.
[[0;32m  OK  [0m] Started User Manager for UID 1000.
[   41.597766] cloud-init[1194]: Cloud-init v. 18.2 running 'modules:final' at Sun, 20 May 2018 07:37:26 +0000. Up 41.37 seconds.
[   41.636353] cloud-init[1194]: Cloud-init v. 18.2 finished at Sun, 20 May 2018 07:37:26 +0000. Datasource DataSourceNoCloud [seed=/dev/sdb][dsmode=net].  Up 41.59 seconds
[[0;32m  OK  [0m] Started Execute cloud user/final scripts.
[[0;32m  OK  [0m] Reached target Cloud-init target.

Ubuntu 16.04.4 LTS ubuntu-xenial ttyS0

ubuntu-xenial login: 